Determining if the pthread_create exist failed with the following output:
Change Dir: /home/shawry/Thesis/server/build/CMakeFiles/CMakeTmp

Run Build Command:"/usr/bin/make" "cmTC_59c16/fast"
/usr/bin/make -f CMakeFiles/cmTC_59c16.dir/build.make CMakeFiles/cmTC_59c16.dir/build
make[1]: Entering directory '/home/shawry/Thesis/server/build/CMakeFiles/CMakeTmp'
Building C object CMakeFiles/cmTC_59c16.dir/CheckSymbolExists.c.o
/usr/bin/cc     -o CMakeFiles/cmTC_59c16.dir/CheckSymbolExists.c.o   -c /home/shawry/Thesis/server/build/CMakeFiles/CMakeTmp/CheckSymbolExists.c
Linking C executable cmTC_59c16
/usr/bin/cmake -E cmake_link_script CMakeFiles/cmTC_59c16.dir/link.txt --verbose=1
/usr/bin/cc       CMakeFiles/cmTC_59c16.dir/CheckSymbolExists.c.o  -o cmTC_59c16 
CMakeFiles/cmTC_59c16.dir/CheckSymbolExists.c.o: In function `main':
CheckSymbolExists.c:(.text+0x38): undefined reference to `pthread_create'
collect2: error: ld returned 1 exit status
CMakeFiles/cmTC_59c16.dir/build.make:97: recipe for target 'cmTC_59c16' failed
make[1]: *** [cmTC_59c16] Error 1
make[1]: Leaving directory '/home/shawry/Thesis/server/build/CMakeFiles/CMakeTmp'
Makefile:126: recipe for target 'cmTC_59c16/fast' failed
make: *** [cmTC_59c16/fast] Error 2

File /home/shawry/Thesis/server/build/CMakeFiles/CMakeTmp/CheckSymbolExists.c:
/* */
#include <pthread.h>

int main(int argc, char** argv)
{
  (void)argv;
#ifndef pthread_create
  return ((int*)(&pthread_create))[argc];
#else
  (void)argc;
  return 0;
#endif
}

Determining if the function pthread_create exists in the pthreads failed with the following output:
Change Dir: /home/shawry/Thesis/server/build/CMakeFiles/CMakeTmp

Run Build Command:"/usr/bin/make" "cmTC_73cb2/fast"
/usr/bin/make -f CMakeFiles/cmTC_73cb2.dir/build.make CMakeFiles/cmTC_73cb2.dir/build
make[1]: Entering directory '/home/shawry/Thesis/server/build/CMakeFiles/CMakeTmp'
Building C object CMakeFiles/cmTC_73cb2.dir/CheckFunctionExists.c.o
/usr/bin/cc    -DCHECK_FUNCTION_EXISTS=pthread_create   -o CMakeFiles/cmTC_73cb2.dir/CheckFunctionExists.c.o   -c /usr/share/cmake-3.7/Modules/CheckFunctionExists.c
Linking C executable cmTC_73cb2
/usr/bin/cmake -E cmake_link_script CMakeFiles/cmTC_73cb2.dir/link.txt --verbose=1
/usr/bin/cc   -DCHECK_FUNCTION_EXISTS=pthread_create    CMakeFiles/cmTC_73cb2.dir/CheckFunctionExists.c.o  -o cmTC_73cb2 -lpthreads 
/usr/bin/ld: cannot find -lpthreads
collect2: error: ld returned 1 exit status
CMakeFiles/cmTC_73cb2.dir/build.make:97: recipe for target 'cmTC_73cb2' failed
make[1]: *** [cmTC_73cb2] Error 1
make[1]: Leaving directory '/home/shawry/Thesis/server/build/CMakeFiles/CMakeTmp'
Makefile:126: recipe for target 'cmTC_73cb2/fast' failed
make: *** [cmTC_73cb2/fast] Error 2


