Determining if the pthread_create exist failed with the following output:
Change Dir: /home/shawry/Thesis/raspberrypi3b/build/CMakeFiles/CMakeTmp

Run Build Command:"/usr/bin/make" "cmTC_106f1/fast"
/usr/bin/make -f CMakeFiles/cmTC_106f1.dir/build.make CMakeFiles/cmTC_106f1.dir/build
make[1]: Entering directory '/home/shawry/Thesis/raspberrypi3b/build/CMakeFiles/CMakeTmp'
Building C object CMakeFiles/cmTC_106f1.dir/CheckSymbolExists.c.o
/usr/bin/cc    -o CMakeFiles/cmTC_106f1.dir/CheckSymbolExists.c.o   -c /home/shawry/Thesis/raspberrypi3b/build/CMakeFiles/CMakeTmp/CheckSymbolExists.c
Linking C executable cmTC_106f1
/usr/bin/cmake -E cmake_link_script CMakeFiles/cmTC_106f1.dir/link.txt --verbose=1
/usr/bin/cc      CMakeFiles/cmTC_106f1.dir/CheckSymbolExists.c.o  -o cmTC_106f1 
CMakeFiles/cmTC_106f1.dir/CheckSymbolExists.c.o: In function `main':
CheckSymbolExists.c:(.text+0x1b): undefined reference to `pthread_create'
collect2: error: ld returned 1 exit status
CMakeFiles/cmTC_106f1.dir/build.make:97: recipe for target 'cmTC_106f1' failed
make[1]: *** [cmTC_106f1] Error 1
make[1]: Leaving directory '/home/shawry/Thesis/raspberrypi3b/build/CMakeFiles/CMakeTmp'
Makefile:126: recipe for target 'cmTC_106f1/fast' failed
make: *** [cmTC_106f1/fast] Error 2

File /home/shawry/Thesis/raspberrypi3b/build/CMakeFiles/CMakeTmp/CheckSymbolExists.c:
/* */
#include <pthread.h>

int main(int argc, char** argv)
{
  (void)argv;
#ifndef pthread_create
  return ((int*)(&pthread_create))[argc];
#else
  (void)argc;
  return 0;
#endif
}

Determining if the function pthread_create exists in the pthreads failed with the following output:
Change Dir: /home/shawry/Thesis/raspberrypi3b/build/CMakeFiles/CMakeTmp

Run Build Command:"/usr/bin/make" "cmTC_15600/fast"
/usr/bin/make -f CMakeFiles/cmTC_15600.dir/build.make CMakeFiles/cmTC_15600.dir/build
make[1]: Entering directory '/home/shawry/Thesis/raspberrypi3b/build/CMakeFiles/CMakeTmp'
Building C object CMakeFiles/cmTC_15600.dir/CheckFunctionExists.c.o
/usr/bin/cc   -DCHECK_FUNCTION_EXISTS=pthread_create   -o CMakeFiles/cmTC_15600.dir/CheckFunctionExists.c.o   -c /usr/share/cmake-3.10/Modules/CheckFunctionExists.c
Linking C executable cmTC_15600
/usr/bin/cmake -E cmake_link_script CMakeFiles/cmTC_15600.dir/link.txt --verbose=1
/usr/bin/cc  -DCHECK_FUNCTION_EXISTS=pthread_create    CMakeFiles/cmTC_15600.dir/CheckFunctionExists.c.o  -o cmTC_15600 -lpthreads 
/usr/bin/ld: cannot find -lpthreads
collect2: error: ld returned 1 exit status
CMakeFiles/cmTC_15600.dir/build.make:97: recipe for target 'cmTC_15600' failed
make[1]: *** [cmTC_15600] Error 1
make[1]: Leaving directory '/home/shawry/Thesis/raspberrypi3b/build/CMakeFiles/CMakeTmp'
Makefile:126: recipe for target 'cmTC_15600/fast' failed
make: *** [cmTC_15600/fast] Error 2


